<?xml version="1.0" encoding="UTF-8"?>
<!-- Generated by org.testng.reporters.JUnitXMLReporter -->
<testsuite hostname="NJAYAPAL-CTTXP" ignored="0" name="CreateCustomer" tests="1" failures="1" timestamp="04 Nov 2017 11:07:06 GMT" time="1.931" errors="0">
  <testcase name="createCustomerWithValidData" time="1.868" classname="com.selenium.createCustomer.CreateCustomer">
    <failure type="org.testng.internal.reflect.MethodMatcherException" message="
Data provider mismatch
Method: createCustomerWithValidData([Parameter{index=0, type=java.lang.String, declaredAnnotations=[]}, Parameter{index=1, type=java.lang.String, declaredAnnotations=[]}, Parameter{index=2, type=java.lang.String, declaredAnnotations=[]}, Parameter{index=3, type=java.lang.String, declaredAnnotations=[]}])
Arguments: [(java.lang.String)nadi,(java.lang.String)muthu,(java.lang.String)09/29/1989]">
      <![CDATA[org.testng.internal.reflect.MethodMatcherException: 
Data provider mismatch
Method: createCustomerWithValidData([Parameter{index=0, type=java.lang.String, declaredAnnotations=[]}, Parameter{index=1, type=java.lang.String, declaredAnnotations=[]}, Parameter{index=2, type=java.lang.String, declaredAnnotations=[]}, Parameter{index=3, type=java.lang.String, declaredAnnotations=[]}])
Arguments: [(java.lang.String)nadi,(java.lang.String)muthu,(java.lang.String)09/29/1989]
... Removed 20 stack frames]]>
    </failure>
  </testcase> <!-- createCustomerWithValidData -->
</testsuite> <!-- CreateCustomer -->
