<?xml version="1.0" encoding="UTF-8"?>
<!-- Generated by org.testng.reporters.JUnitXMLReporter -->
<testsuite hostname="NJAYAPAL-CTTXP" ignored="0" name="Test" tests="1" failures="1" timestamp="20 Jan 2018 07:41:06 GMT" time="7.282" errors="0">
  <testcase name="createLead" time="7.251" classname="com.opentaps.lead.CreateLeadTestCaseClass">
    <failure type="java.lang.NullPointerException">
      <![CDATA[java.lang.NullPointerException
	at com.opentaps.pageobjects.LoginObjects.username(LoginObjects.java:11)
	at com.opentaps.lead.CreateLeadTestCaseClass.createLead(CreateLeadTestCaseClass.java:17)
... Removed 25 stack frames]]>
    </failure>
  </testcase> <!-- createLead -->
</testsuite> <!-- Test -->
