<?xml version="1.0" encoding="UTF-8"?>
<testng-results skipped="0" failed="0" ignored="0" total="1" passed="1">
  <reporter-output>
  </reporter-output>
  <suite name="Suite" duration-ms="24337" started-at="2018-01-26T09:51:39Z" finished-at="2018-01-26T09:52:04Z">
    <groups>
    </groups>
    <test name="Test" duration-ms="24337" started-at="2018-01-26T09:51:39Z" finished-at="2018-01-26T09:52:04Z">
      <class name="com.opentaps.lead.CreateAndDeleteLead">
        <test-method status="PASS" signature="f()[pri:0, instance:com.opentaps.lead.CreateAndDeleteLead@5e025e70]" name="f" duration-ms="24302" started-at="2018-01-26T15:21:39Z" finished-at="2018-01-26T15:22:04Z">
          <reporter-output>
          </reporter-output>
        </test-method> <!-- f -->
      </class> <!-- com.opentaps.lead.CreateAndDeleteLead -->
    </test> <!-- Test -->
  </suite> <!-- Suite -->
</testng-results>
