<?xml version="1.0" encoding="UTF-8"?>
<testng-results skipped="0" failed="0" ignored="0" total="2" passed="2">
  <reporter-output>
  </reporter-output>
  <suite name="Suite" duration-ms="32740" started-at="2018-01-26T11:46:42Z" finished-at="2018-01-26T11:47:15Z">
    <groups>
    </groups>
    <test name="Test" duration-ms="32740" started-at="2018-01-26T11:46:42Z" finished-at="2018-01-26T11:47:15Z">
      <class name="com.opentaps.lead.CreateLeadUsingExcel">
        <test-method status="PASS" signature="createLead(java.lang.String, java.lang.String, java.lang.String)[pri:0, instance:com.opentaps.lead.CreateLeadUsingExcel@39aeed2f]" name="createLead" duration-ms="18046" started-at="2018-01-26T17:16:43Z" data-provider="returnData" finished-at="2018-01-26T17:17:01Z">
          <params>
            <param index="0">
              <value>
                <![CDATA[muthu]]>
              </value>
            </param>
            <param index="1">
              <value>
                <![CDATA[chennai]]>
              </value>
            </param>
            <param index="2">
              <value>
                <![CDATA[600069.0]]>
              </value>
            </param>
          </params>
          <reporter-output>
          </reporter-output>
        </test-method> <!-- createLead -->
        <test-method status="PASS" signature="createLead(java.lang.String, java.lang.String, java.lang.String)[pri:0, instance:com.opentaps.lead.CreateLeadUsingExcel@39aeed2f]" name="createLead" duration-ms="13960" started-at="2018-01-26T17:17:01Z" data-provider="returnData" finished-at="2018-01-26T17:17:15Z">
          <params>
            <param index="0">
              <value>
                <![CDATA[shankar]]>
              </value>
            </param>
            <param index="1">
              <value>
                <![CDATA[bangalore]]>
              </value>
            </param>
            <param index="2">
              <value>
                <![CDATA[577004.0]]>
              </value>
            </param>
          </params>
          <reporter-output>
          </reporter-output>
        </test-method> <!-- createLead -->
      </class> <!-- com.opentaps.lead.CreateLeadUsingExcel -->
    </test> <!-- Test -->
  </suite> <!-- Suite -->
</testng-results>
