<?xml version="1.0" encoding="UTF-8"?>
<testng-results skipped="0" failed="0" ignored="0" total="1" passed="1">
  <reporter-output>
  </reporter-output>
  <suite name="Suite" duration-ms="42" started-at="2018-01-19T19:00:31Z" finished-at="2018-01-19T19:00:31Z">
    <groups>
    </groups>
    <test name="Test" duration-ms="42" started-at="2018-01-19T19:00:31Z" finished-at="2018-01-19T19:00:31Z">
      <class name="com.selenium.basics.IrctcTestCase">
        <test-method status="PASS" signature="f()[pri:0, instance:com.selenium.basics.IrctcTestCase@6833ce2c]" name="f" duration-ms="16" started-at="2018-01-20T00:30:31Z" finished-at="2018-01-20T00:30:31Z">
          <reporter-output>
          </reporter-output>
        </test-method> <!-- f -->
      </class> <!-- com.selenium.basics.IrctcTestCase -->
    </test> <!-- Test -->
  </suite> <!-- Suite -->
</testng-results>
