<?xml version="1.0" encoding="UTF-8"?>
<!-- Generated by org.testng.reporters.JUnitXMLReporter -->
<testsuite hostname="NJAYAPAL-CTTXP" ignored="0" name="createCustomerSuite" tests="2" failures="0" timestamp="19 Aug 2017 14:27:22 GMT" time="30.957" errors="0">
  <testcase name="createCustomerWithValidData" time="17.208" classname="com.juneproject.createcustomer.CreateCustomer3"/>
  <testcase name="createCustomerWithValidData" time="11.771" classname="com.juneproject.createcustomer.CreateCustomer3"/>
</testsuite> <!-- createCustomerSuite -->
